*** Using Compiler 'V5.06 update 7 (build 960)', folder: 'C:\user-lihoujun\app\Study\MDK\ARM\ARMCC\Bin'
Build target 'F407ZGT6'
assembling startup_stm32f407xx.s...
compiling stm32f4xx_hal_flash_ex.c...
compiling stm32f4xx_hal_msp.c...
compiling gpio.c...
compiling tim.c...
compiling stm32f4xx_hal_flash.c...
compiling stm32f4xx_it.c...
compiling main.c...
compiling stm32f4xx_hal_flash_ramfunc.c...
compiling stm32f4xx_hal_rcc_ex.c...
compiling stm32f4xx_hal_rcc.c...
compiling stm32f4xx_hal_tim_ex.c...
compiling stm32f4xx_hal_tim.c...
compiling stm32f4xx_hal_gpio.c...
compiling stm32f4xx_hal_dma_ex.c...
compiling stm32f4xx_hal_dma.c...
compiling stm32f4xx_hal_exti.c...
compiling stm32f4xx_hal_pwr_ex.c...
compiling system_stm32f4xx.c...
compiling stm32f4xx_hal_cortex.c...
compiling KEY.c...
compiling stm32f4xx_hal.c...
compiling LED.c...
compiling stm32f4xx_hal_pwr.c...
linking...
Program Size: Code=4658 RO-data=442 RW-data=24 ZI-data=1704  
FromELF: creating hex file...
"F407ZGT6\F407ZGT6.axf" - 0 Error(s), 0 Warning(s).
Build Time Elapsed:  00:00:17
